# JRE version: Java(TM) SE Runtime Environment (8.0_161-b12) (build 1.8.0_161-b12)
# Java VM: Java HotSpot(TM) 64-Bit Server VM (25.161-b12 mixed mode windows-amd64 compressed oops)
Heap:
 PSYoungGen      total 312832K, used 74850K [0x00000000d5b80000, 0x00000000ec100000, 0x0000000100000000)
  eden space 281088K, 25% used [0x00000000d5b80000,0x00000000da11a8d8,0x00000000e6e00000)
  from space 31744K, 11% used [0x00000000ea200000,0x00000000ea57df28,0x00000000ec100000)
  to   space 42496K, 0% used [0x00000000e6e00000,0x00000000e6e00000,0x00000000e9780000)
 ParOldGen       total 185344K, used 98234K [0x0000000081200000, 0x000000008c700000, 0x00000000d5b80000)
  object space 185344K, 53% used [0x0000000081200000,0x00000000871ee9d8,0x000000008c700000)
 Metaspace       used 12898K, capacity 13154K, committed 13440K, reserved 1060864K
  class space    used 1494K, capacity 1567K, committed 1664K, reserved 1048576K
GC Heap History (10 events):
Event: 7.909 GC heap before
{Heap before GC invocations=7 (full 1):
 PSYoungGen      total 94208K, used 94187K [0x00000000d5b80000, 0x00000000e5a80000, 0x0000000100000000)
  eden space 89088K, 100% used [0x00000000d5b80000,0x00000000db280000,0x00000000db280000)
  from space 5120K, 99% used [0x00000000db280000,0x00000000db77ae38,0x00000000db780000)
  to   space 53760K, 0% used [0x00000000e2600000,0x00000000e2600000,0x00000000e5a80000)
 ParOldGen       total 185344K, used 88872K [0x0000000081200000, 0x000000008c700000, 0x00000000d5b80000)
  object space 185344K, 47% used [0x0000000081200000,0x00000000868ca100,0x000000008c700000)
 Metaspace       used 12741K, capacity 13026K, committed 13184K, reserved 1060864K
  class space    used 1467K, capacity 1567K, committed 1664K, reserved 1048576K
Event: 7.915 GC heap after
Heap after GC invocations=7 (full 1):
 PSYoungGen      total 189952K, used 8972K [0x00000000d5b80000, 0x00000000e4e80000, 0x0000000100000000)
  eden space 148480K, 0% used [0x00000000d5b80000,0x00000000d5b80000,0x00000000dec80000)
  from space 41472K, 21% used [0x00000000e2600000,0x00000000e2ec3368,0x00000000e4e80000)
  to   space 50176K, 0% used [0x00000000dec80000,0x00000000dec80000,0x00000000e1d80000)
 ParOldGen       total 185344K, used 88880K [0x0000000081200000, 0x000000008c700000, 0x00000000d5b80000)
  object space 185344K, 47% used [0x0000000081200000,0x00000000868cc100,0x000000008c700000)
 Metaspace       used 12741K, capacity 13026K, committed 13184K, reserved 1060864K
  class space    used 1467K, capacity 1567K, committed 1664K, reserved 1048576K
}
Event: 21.819 GC heap before
{Heap before GC invocations=8 (full 1):
 PSYoungGen      total 189952K, used 157452K [0x00000000d5b80000, 0x00000000e4e80000, 0x0000000100000000)
  eden space 148480K, 100% used [0x00000000d5b80000,0x00000000dec80000,0x00000000dec80000)
  from space 41472K, 21% used [0x00000000e2600000,0x00000000e2ec3368,0x00000000e4e80000)
  to   space 50176K, 0% used [0x00000000dec80000,0x00000000dec80000,0x00000000e1d80000)
 ParOldGen       total 185344K, used 88880K [0x0000000081200000, 0x000000008c700000, 0x00000000d5b80000)
  object space 185344K, 47% used [0x0000000081200000,0x00000000868cc100,0x000000008c700000)
 Metaspace       used 12763K, capacity 13026K, committed 13184K, reserved 1060864K
  class space    used 1467K, capacity 1567K, committed 1664K, reserved 1048576K
Event: 21.826 GC heap after
Heap after GC invocations=8 (full 1):
 PSYoungGen      total 198656K, used 7876K [0x00000000d5b80000, 0x00000000ea080000, 0x0000000100000000)
  eden space 148480K, 0% used [0x00000000d5b80000,0x00000000d5b80000,0x00000000dec80000)
  from space 50176K, 15% used [0x00000000dec80000,0x00000000df431270,0x00000000e1d80000)
  to   space 47616K, 0% used [0x00000000e7200000,0x00000000e7200000,0x00000000ea080000)
 ParOldGen       total 185344K, used 89736K [0x0000000081200000, 0x000000008c700000, 0x00000000d5b80000)
  object space 185344K, 48% used [0x0000000081200000,0x00000000869a2110,0x000000008c700000)
 Metaspace       used 12763K, capacity 13026K, committed 13184K, reserved 1060864K
  class space    used 1467K, capacity 1567K, committed 1664K, reserved 1048576K
}
Event: 36.702 GC heap before
{Heap before GC invocations=9 (full 1):
 PSYoungGen      total 198656K, used 156356K [0x00000000d5b80000, 0x00000000ea080000, 0x0000000100000000)
  eden space 148480K, 100% used [0x00000000d5b80000,0x00000000dec80000,0x00000000dec80000)
  from space 50176K, 15% used [0x00000000dec80000,0x00000000df431270,0x00000000e1d80000)
  to   space 47616K, 0% used [0x00000000e7200000,0x00000000e7200000,0x00000000ea080000)
 ParOldGen       total 185344K, used 89736K [0x0000000081200000, 0x000000008c700000, 0x00000000d5b80000)
  object space 185344K, 48% used [0x0000000081200000,0x00000000869a2110,0x000000008c700000)
 Metaspace       used 12763K, capacity 13026K, committed 13184K, reserved 1060864K
  class space    used 1467K, capacity 1567K, committed 1664K, reserved 1048576K
Event: 36.710 GC heap after
Heap after GC invocations=9 (full 1):
 PSYoungGen      total 259584K, used 6926K [0x00000000d5b80000, 0x00000000e9180000, 0x0000000100000000)
  eden space 227328K, 0% used [0x00000000d5b80000,0x00000000d5b80000,0x00000000e3980000)
  from space 32256K, 21% used [0x00000000e7200000,0x00000000e78c3b78,0x00000000e9180000)
  to   space 45056K, 0% used [0x00000000e3980000,0x00000000e3980000,0x00000000e6580000)
 ParOldGen       total 185344K, used 92099K [0x0000000081200000, 0x000000008c700000, 0x00000000d5b80000)
  object space 185344K, 49% used [0x0000000081200000,0x0000000086bf0f28,0x000000008c700000)
 Metaspace       used 12763K, capacity 13026K, committed 13184K, reserved 1060864K
  class space    used 1467K, capacity 1567K, committed 1664K, reserved 1048576K
}
Event: 59.988 GC heap before
{Heap before GC invocations=10 (full 1):
 PSYoungGen      total 259584K, used 234254K [0x00000000d5b80000, 0x00000000e9180000, 0x0000000100000000)
  eden space 227328K, 100% used [0x00000000d5b80000,0x00000000e3980000,0x00000000e3980000)
  from space 32256K, 21% used [0x00000000e7200000,0x00000000e78c3b78,0x00000000e9180000)
  to   space 45056K, 0% used [0x00000000e3980000,0x00000000e3980000,0x00000000e6580000)
 ParOldGen       total 185344K, used 92099K [0x0000000081200000, 0x000000008c700000, 0x00000000d5b80000)
  object space 185344K, 49% used [0x0000000081200000,0x0000000086bf0f28,0x000000008c700000)
 Metaspace       used 12854K, capacity 13090K, committed 13440K, reserved 1060864K
  class space    used 1491K, capacity 1567K, committed 1664K, reserved 1048576K
Event: 59.999 GC heap after
Heap after GC invocations=10 (full 1):
 PSYoungGen      total 272384K, used 3543K [0x00000000d5b80000, 0x00000000ecd00000, 0x0000000100000000)
  eden space 227328K, 0% used [0x00000000d5b80000,0x00000000d5b80000,0x00000000e3980000)
  from space 45056K, 7% used [0x00000000e3980000,0x00000000e3cf5f28,0x00000000e6580000)
  to   space 44032K, 0% used [0x00000000ea200000,0x00000000ea200000,0x00000000ecd00000)
 ParOldGen       total 185344K, used 98234K [0x0000000081200000, 0x000000008c700000, 0x00000000d5b80000)
  object space 185344K, 53% used [0x0000000081200000,0x00000000871ee9d8,0x000000008c700000)
 Metaspace       used 12854K, capacity 13090K, committed 13440K, reserved 1060864K
  class space    used 1491K, capacity 1567K, committed 1664K, reserved 1048576K
}
Event: 85.978 GC heap before
{Heap before GC invocations=11 (full 1):
 PSYoungGen      total 272384K, used 230871K [0x00000000d5b80000, 0x00000000ecd00000, 0x0000000100000000)
  eden space 227328K, 100% used [0x00000000d5b80000,0x00000000e3980000,0x00000000e3980000)
  from space 45056K, 7% used [0x00000000e3980000,0x00000000e3cf5f28,0x00000000e6580000)
  to   space 44032K, 0% used [0x00000000ea200000,0x00000000ea200000,0x00000000ecd00000)
 ParOldGen       total 185344K, used 98234K [0x0000000081200000, 0x000000008c700000, 0x00000000d5b80000)
  object space 185344K, 53% used [0x0000000081200000,0x00000000871ee9d8,0x000000008c700000)
 Metaspace       used 12856K, capacity 13090K, committed 13440K, reserved 1060864K
  class space    used 1491K, capacity 1567K, committed 1664K, reserved 1048576K
Event: 85.992 GC heap after
Heap after GC invocations=11 (full 1):
 PSYoungGen      total 312832K, used 3575K [0x00000000d5b80000, 0x00000000ec100000, 0x0000000100000000)
  eden space 281088K, 0% used [0x00000000d5b80000,0x00000000d5b80000,0x00000000e6e00000)
  from space 31744K, 11% used [0x00000000ea200000,0x00000000ea57df28,0x00000000ec100000)
  to   space 42496K, 0% used [0x00000000e6e00000,0x00000000e6e00000,0x00000000e9780000)
 ParOldGen       total 185344K, used 98234K [0x0000000081200000, 0x000000008c700000, 0x00000000d5b80000)
  object space 185344K, 53% used [0x0000000081200000,0x00000000871ee9d8,0x000000008c700000)
 Metaspace       used 12856K, capacity 13090K, committed 13440K, reserved 1060864K
  class space    used 1491K, capacity 1567K, committed 1664K, reserved 1048576K
}

