# JRE version: Java(TM) SE Runtime Environment (8.0_161-b12) (build 1.8.0_161-b12)
# Java VM: Java HotSpot(TM) 64-Bit Server VM (25.161-b12 mixed mode windows-amd64 compressed oops)
Heap:
 PSYoungGen      total 90112K, used 62542K [0x00000000d5b80000, 0x00000000e5600000, 0x0000000100000000)
  eden space 84992K, 68% used [0x00000000d5b80000,0x00000000d94b4ce8,0x00000000dae80000)
  from space 5120K, 77% used [0x00000000dae80000,0x00000000db25ee18,0x00000000db380000)
  to   space 56320K, 0% used [0x00000000e1f00000,0x00000000e1f00000,0x00000000e5600000)
 ParOldGen       total 185344K, used 88336K [0x0000000081200000, 0x000000008c700000, 0x00000000d5b80000)
  object space 185344K, 47% used [0x0000000081200000,0x0000000086844328,0x000000008c700000)
 Metaspace       used 12457K, capacity 12660K, committed 12800K, reserved 1060864K
  class space    used 1448K, capacity 1522K, committed 1536K, reserved 1048576K
GC Heap History (10 events):
Event: 0.509 GC heap before
{Heap before GC invocations=2 (full 1):
 PSYoungGen      total 38400K, used 5108K [0x00000000d5b80000, 0x00000000da680000, 0x0000000100000000)
  eden space 33280K, 0% used [0x00000000d5b80000,0x00000000d5b80000,0x00000000d7c00000)
  from space 5120K, 99% used [0x00000000d7c00000,0x00000000d80fd338,0x00000000d8100000)
  to   space 5120K, 0% used [0x00000000da180000,0x00000000da180000,0x00000000da680000)
 ParOldGen       total 105472K, used 104350K [0x0000000081200000, 0x0000000087900000, 0x00000000d5b80000)
  object space 105472K, 98% used [0x0000000081200000,0x00000000877e7920,0x0000000087900000)
 Metaspace       used 11144K, capacity 11380K, committed 11776K, reserved 1058816K
  class space    used 1357K, capacity 1422K, committed 1536K, reserved 1048576K
Event: 0.521 GC heap after
Heap after GC invocations=2 (full 1):
 PSYoungGen      total 38400K, used 0K [0x00000000d5b80000, 0x00000000da680000, 0x0000000100000000)
  eden space 33280K, 0% used [0x00000000d5b80000,0x00000000d5b80000,0x00000000d7c00000)
  from space 5120K, 0% used [0x00000000d7c00000,0x00000000d7c00000,0x00000000d8100000)
  to   space 5120K, 0% used [0x00000000da180000,0x00000000da180000,0x00000000da680000)
 ParOldGen       total 185344K, used 76544K [0x0000000081200000, 0x000000008c700000, 0x00000000d5b80000)
  object space 185344K, 41% used [0x0000000081200000,0x0000000085cc0318,0x000000008c700000)
 Metaspace       used 11144K, capacity 11380K, committed 11776K, reserved 1058816K
  class space    used 1357K, capacity 1422K, committed 1536K, reserved 1048576K
}
Event: 0.660 GC heap before
{Heap before GC invocations=3 (full 1):
 PSYoungGen      total 38400K, used 33280K [0x00000000d5b80000, 0x00000000da680000, 0x0000000100000000)
  eden space 33280K, 100% used [0x00000000d5b80000,0x00000000d7c00000,0x00000000d7c00000)
  from space 5120K, 0% used [0x00000000d7c00000,0x00000000d7c00000,0x00000000d8100000)
  to   space 5120K, 0% used [0x00000000da180000,0x00000000da180000,0x00000000da680000)
 ParOldGen       total 185344K, used 76544K [0x0000000081200000, 0x000000008c700000, 0x00000000d5b80000)
  object space 185344K, 41% used [0x0000000081200000,0x0000000085cc0318,0x000000008c700000)
 Metaspace       used 11354K, capacity 11540K, committed 11776K, reserved 1058816K
  class space    used 1375K, capacity 1454K, committed 1536K, reserved 1048576K
Event: 0.665 GC heap after
Heap after GC invocations=3 (full 1):
 PSYoungGen      total 55808K, used 5095K [0x00000000d5b80000, 0x00000000da680000, 0x0000000100000000)
  eden space 50688K, 0% used [0x00000000d5b80000,0x00000000d5b80000,0x00000000d8d00000)
  from space 5120K, 99% used [0x00000000da180000,0x00000000da679f48,0x00000000da680000)
  to   space 5120K, 0% used [0x00000000d9c80000,0x00000000d9c80000,0x00000000da180000)
 ParOldGen       total 185344K, used 76560K [0x0000000081200000, 0x000000008c700000, 0x00000000d5b80000)
  object space 185344K, 41% used [0x0000000081200000,0x0000000085cc4318,0x000000008c700000)
 Metaspace       used 11354K, capacity 11540K, committed 11776K, reserved 1058816K
  class space    used 1375K, capacity 1454K, committed 1536K, reserved 1048576K
}
Event: 0.723 GC heap before
{Heap before GC invocations=4 (full 1):
 PSYoungGen      total 55808K, used 55783K [0x00000000d5b80000, 0x00000000da680000, 0x0000000100000000)
  eden space 50688K, 100% used [0x00000000d5b80000,0x00000000d8d00000,0x00000000d8d00000)
  from space 5120K, 99% used [0x00000000da180000,0x00000000da679f48,0x00000000da680000)
  to   space 5120K, 0% used [0x00000000d9c80000,0x00000000d9c80000,0x00000000da180000)
 ParOldGen       total 185344K, used 76560K [0x0000000081200000, 0x000000008c700000, 0x00000000d5b80000)
  object space 185344K, 41% used [0x0000000081200000,0x0000000085cc4318,0x000000008c700000)
 Metaspace       used 11392K, capacity 11604K, committed 11776K, reserved 1058816K
  class space    used 1377K, capacity 1454K, committed 1536K, reserved 1048576K
Event: 0.729 GC heap after
Heap after GC invocations=4 (full 1):
 PSYoungGen      total 71680K, used 5100K [0x00000000d5b80000, 0x00000000db880000, 0x0000000100000000)
  eden space 66560K, 0% used [0x00000000d5b80000,0x00000000d5b80000,0x00000000d9c80000)
  from space 5120K, 99% used [0x00000000d9c80000,0x00000000da17b1b8,0x00000000da180000)
  to   space 5120K, 0% used [0x00000000db380000,0x00000000db380000,0x00000000db880000)
 ParOldGen       total 185344K, used 81104K [0x0000000081200000, 0x000000008c700000, 0x00000000d5b80000)
  object space 185344K, 43% used [0x0000000081200000,0x0000000086134318,0x000000008c700000)
 Metaspace       used 11392K, capacity 11604K, committed 11776K, reserved 1058816K
  class space    used 1377K, capacity 1454K, committed 1536K, reserved 1048576K
}
Event: 0.776 GC heap before
{Heap before GC invocations=5 (full 1):
 PSYoungGen      total 71680K, used 71660K [0x00000000d5b80000, 0x00000000db880000, 0x0000000100000000)
  eden space 66560K, 100% used [0x00000000d5b80000,0x00000000d9c80000,0x00000000d9c80000)
  from space 5120K, 99% used [0x00000000d9c80000,0x00000000da17b1b8,0x00000000da180000)
  to   space 5120K, 0% used [0x00000000db380000,0x00000000db380000,0x00000000db880000)
 ParOldGen       total 185344K, used 81104K [0x0000000081200000, 0x000000008c700000, 0x00000000d5b80000)
  object space 185344K, 43% used [0x0000000081200000,0x0000000086134318,0x000000008c700000)
 Metaspace       used 11398K, capacity 11604K, committed 11776K, reserved 1058816K
  class space    used 1378K, capacity 1454K, committed 1536K, reserved 1048576K
Event: 0.780 GC heap after
Heap after GC invocations=5 (full 1):
 PSYoungGen      total 90112K, used 5100K [0x00000000d5b80000, 0x00000000dd500000, 0x0000000100000000)
  eden space 84992K, 0% used [0x00000000d5b80000,0x00000000d5b80000,0x00000000dae80000)
  from space 5120K, 99% used [0x00000000db380000,0x00000000db87b1b8,0x00000000db880000)
  to   space 5120K, 0% used [0x00000000dae80000,0x00000000dae80000,0x00000000db380000)
 ParOldGen       total 185344K, used 81416K [0x0000000081200000, 0x000000008c700000, 0x00000000d5b80000)
  object space 185344K, 43% used [0x0000000081200000,0x0000000086182318,0x000000008c700000)
 Metaspace       used 11398K, capacity 11604K, committed 11776K, reserved 1058816K
  class space    used 1378K, capacity 1454K, committed 1536K, reserved 1048576K
}
Event: 0.854 GC heap before
{Heap before GC invocations=6 (full 1):
 PSYoungGen      total 90112K, used 90092K [0x00000000d5b80000, 0x00000000dd500000, 0x0000000100000000)
  eden space 84992K, 100% used [0x00000000d5b80000,0x00000000dae80000,0x00000000dae80000)
  from space 5120K, 99% used [0x00000000db380000,0x00000000db87b1b8,0x00000000db880000)
  to   space 5120K, 0% used [0x00000000dae80000,0x00000000dae80000,0x00000000db380000)
 ParOldGen       total 185344K, used 81416K [0x0000000081200000, 0x000000008c700000, 0x00000000d5b80000)
  object space 185344K, 43% used [0x0000000081200000,0x0000000086182318,0x000000008c700000)
 Metaspace       used 11538K, capacity 11732K, committed 12032K, reserved 1060864K
  class space    used 1389K, capacity 1454K, committed 1536K, reserved 1048576K
Event: 0.857 GC heap after
Heap after GC invocations=6 (full 1):
 PSYoungGen      total 90112K, used 3963K [0x00000000d5b80000, 0x00000000e5600000, 0x0000000100000000)
  eden space 84992K, 0% used [0x00000000d5b80000,0x00000000d5b80000,0x00000000dae80000)
  from space 5120K, 77% used [0x00000000dae80000,0x00000000db25ee18,0x00000000db380000)
  to   space 56320K, 0% used [0x00000000e1f00000,0x00000000e1f00000,0x00000000e5600000)
 ParOldGen       total 185344K, used 88336K [0x0000000081200000, 0x000000008c700000, 0x00000000d5b80000)
  object space 185344K, 47% used [0x0000000081200000,0x0000000086844328,0x000000008c700000)
 Metaspace       used 11538K, capacity 11732K, committed 12032K, reserved 1060864K
  class space    used 1389K, capacity 1454K, committed 1536K, reserved 1048576K
}

